<?xml version="1.0" encoding="UTF-8"?>
<testng-results ignored="0" total="1" passed="1" failed="0" skipped="0">
  <reporter-output>
  </reporter-output>
  <suite started-at="2022-07-22T11:29:52 IST" name="Default suite" finished-at="2022-07-22T11:30:07 IST" duration-ms="14723">
    <groups>
    </groups>
    <test started-at="2022-07-22T11:29:52 IST" name="Default test" finished-at="2022-07-22T11:30:07 IST" duration-ms="14723">
      <class name="KiteTest_TestNg.KiteTestPropertyFile">
        <test-method is-config="true" signature="BrowserLaunch()[pri:0, instance:KiteTest_TestNg.KiteTestPropertyFile@32502377]" started-at="2022-07-22T11:29:52 IST" name="BrowserLaunch" finished-at="2022-07-22T11:30:03 IST" duration-ms="10739" status="PASS">
          <reporter-output>
          </reporter-output>
        </test-method> <!-- BrowserLaunch -->
        <test-method is-config="true" signature="LoginKiteApp()[pri:0, instance:KiteTest_TestNg.KiteTestPropertyFile@32502377]" started-at="2022-07-22T11:30:03 IST" name="LoginKiteApp" finished-at="2022-07-22T11:30:04 IST" duration-ms="1066" status="PASS">
          <reporter-output>
          </reporter-output>
        </test-method> <!-- LoginKiteApp -->
        <test-method signature="validateUser_Id()[pri:0, instance:KiteTest_TestNg.KiteTestPropertyFile@32502377]" started-at="2022-07-22T11:30:04 IST" name="validateUser_Id" finished-at="2022-07-22T11:30:06 IST" duration-ms="1772" status="PASS">
          <reporter-output>
          </reporter-output>
        </test-method> <!-- validateUser_Id -->
        <test-method is-config="true" signature="LogoutKiteApp()[pri:0, instance:KiteTest_TestNg.KiteTestPropertyFile@32502377]" started-at="2022-07-22T11:30:06 IST" name="LogoutKiteApp" finished-at="2022-07-22T11:30:06 IST" duration-ms="797" status="PASS">
          <reporter-output>
          </reporter-output>
        </test-method> <!-- LogoutKiteApp -->
        <test-method is-config="true" signature="BrowserClosed()[pri:0, instance:KiteTest_TestNg.KiteTestPropertyFile@32502377]" started-at="2022-07-22T11:30:06 IST" name="BrowserClosed" finished-at="2022-07-22T11:30:07 IST" duration-ms="285" status="PASS">
          <reporter-output>
          </reporter-output>
        </test-method> <!-- BrowserClosed -->
      </class> <!-- KiteTest_TestNg.KiteTestPropertyFile -->
    </test> <!-- Default test -->
  </suite> <!-- Default suite -->
</testng-results>
